Build started 3/12/2015 1:27:53 PM.
     1>Project "Z:\BookstoreProgram\Bookstore\Bookstore\Bookstore.vcxproj" on node 2 (Build target(s)).
     1>ClCompile:
         C:\Program Files (x86)\Microsoft Visual Studio 12.0\VC\bin\CL.exe /c /ZI /nologo /W3 /WX- /Od /Oy- /D WIN32 /D _DEBUG /D _CONSOLE /D _LIB /D _UNICODE /D UNICODE /Gm /EHsc /RTC1 /MDd /GS /fp:precise /Zc:wchar_t /Zc:forScope /Fo"Debug\\" /Fd"Debug\vc120.pdb" /Gd /TP /analyze- /errorReport:prompt Book.cpp ModuleInventory.cpp
         ModuleInventory.cpp
     1>z:\bookstoreprogram\bookstore\bookstore\moduleinventory.cpp(125): warning C4018: '<' : signed/unsigned mismatch
     1>z:\bookstoreprogram\bookstore\bookstore\moduleinventory.cpp(196): warning C4244: 'argument' : conversion from '__int64' to 'char', possible loss of data
         Book.cpp
         Generating Code...
       Link:
         C:\Program Files (x86)\Microsoft Visual Studio 12.0\VC\bin\link.exe /ERRORREPORT:PROMPT /OUT:"Z:\BookstoreProgram\Bookstore\Debug\Bookstore.exe" /INCREMENTAL /NOLOGO kernel32.lib user32.lib gdi32.lib winspool.lib comdlg32.lib advapi32.lib shell32.lib ole32.lib oleaut32.lib uuid.lib odbc32.lib odbccp32.lib /MANIFEST /MANIFESTUAC:"level='asInvoker' uiAccess='false'" /manifest:embed /DEBUG /PDB:"Z:\BookstoreProgram\Bookstore\Debug\Bookstore.pdb" /SUBSYSTEM:CONSOLE /TLBID:1 /DYNAMICBASE /NXCOMPAT /IMPLIB:"Z:\BookstoreProgram\Bookstore\Debug\Bookstore.lib" /MACHINE:X86 Debug\Book.obj
         Debug\InvItem.obj
         Debug\main.obj
         Debug\ModuleCheckout.obj
         Debug\ModuleInventory.obj
         Debug\ModuleReport.obj
         Bookstore.vcxproj -> Z:\BookstoreProgram\Bookstore\Debug\Bookstore.exe
     1>Done Building Project "Z:\BookstoreProgram\Bookstore\Bookstore\Bookstore.vcxproj" (Build target(s)).

Build succeeded.

Time Elapsed 00:00:03.52
